<?xml version="1.0" encoding="UTF-8"?>
<!-- Generated by org.testng.reporters.JUnitReportReporter -->
<testsuite hostname="user-PC" name="parallel_execution.ForgottenPassword" tests="1" failures="0" timestamp="6 May 2022 06:15:10 GMT" time="25.269" errors="0">
  <testcase name="testForgottenPasswordLink" time="25.269" classname="parallel_execution.ForgottenPassword"/>
</testsuite> <!-- parallel_execution.ForgottenPassword -->
