<?xml version="1.0" encoding="UTF-8"?>
<!-- Generated by org.testng.reporters.JUnitReportReporter -->
<testsuite hostname="user-PC" name="testng_annotations.InvocationCount" tests="3" failures="0" timestamp="17 Apr 2022 05:50:07 GMT" time="0.122" errors="0">
  <testcase name="d1" time="0.018" classname="testng_annotations.InvocationCount"/>
  <testcase name="a1" time="0.092" classname="testng_annotations.InvocationCount"/>
  <testcase name="c1" time="0.012" classname="testng_annotations.InvocationCount"/>
</testsuite> <!-- testng_annotations.InvocationCount -->
