<?xml version="1.0" encoding="UTF-8"?>
<!-- Generated by org.testng.reporters.JUnitReportReporter -->
<testsuite hostname="user-PC" name="property_demo.LoginPage" tests="1" failures="0" timestamp="23 Apr 2022 06:35:43 GMT" time="16.684" errors="0">
  <testcase name="testLogin" time="16.684" classname="property_demo.LoginPage"/>
</testsuite> <!-- property_demo.LoginPage -->
