<?xml version="1.0" encoding="UTF-8"?>
<!-- Generated by org.testng.reporters.JUnitReportReporter -->
<testsuite hostname="user-PC" name="testng_annotations.Priority" tests="4" failures="0" timestamp="17 Apr 2022 05:43:55 GMT" time="0.130" errors="0">
  <testcase name="b1" time="0.006" classname="testng_annotations.Priority"/>
  <testcase name="a1" time="0.006" classname="testng_annotations.Priority"/>
  <testcase name="d1" time="0.111" classname="testng_annotations.Priority"/>
  <testcase name="c1" time="0.007" classname="testng_annotations.Priority"/>
</testsuite> <!-- testng_annotations.Priority -->
