<?xml version="1.0" encoding="UTF-8"?>
<!-- Generated by org.testng.reporters.JUnitReportReporter -->
<testsuite hostname="user-PC" name="parallel_execution.LoginPage" tests="1" failures="0" timestamp="23 Apr 2022 06:12:15 GMT" time="13.803" errors="0">
  <testcase name="testLogin" time="13.803" classname="parallel_execution.LoginPage"/>
</testsuite> <!-- parallel_execution.LoginPage -->
