<?xml version="1.0" encoding="UTF-8"?>
<!-- Generated by org.testng.reporters.JUnitReportReporter -->
<testsuite hostname="user-PC" name="parallel_execution.CreateNewAccount" tests="1" failures="0" timestamp="23 Apr 2022 06:12:15 GMT" time="13.783" errors="0">
  <testcase name="testCreateNewAccount" time="13.783" classname="parallel_execution.CreateNewAccount"/>
</testsuite> <!-- parallel_execution.CreateNewAccount -->
