<?xml version="1.0" encoding="UTF-8"?>
<!-- Generated by org.testng.reporters.JUnitReportReporter -->
<testsuite hostname="user-PC" name="jxl_operations.JXL_Read" tests="1" failures="0" timestamp="25 Apr 2022 04:54:42 GMT" time="0.801" errors="0">
  <testcase name="testReadData" time="0.801" classname="jxl_operations.JXL_Read"/>
</testsuite> <!-- jxl_operations.JXL_Read -->
