<?xml version="1.0" encoding="UTF-8"?>
<!-- Generated by org.testng.reporters.JUnitReportReporter -->
<testsuite hostname="user-PC" name="testng_annotations.Grouping" tests="1" failures="0" timestamp="21 Apr 2022 06:00:46 GMT" time="0.006" errors="0">
  <testcase name="b1" time="0.006" classname="testng_annotations.Grouping"/>
</testsuite> <!-- testng_annotations.Grouping -->
