<?xml version="1.0" encoding="UTF-8"?>
<!-- Generated by org.testng.reporters.JUnitReportReporter -->
<testsuite hostname="user-PC" name="suites_demo.InvocationCount" tests="1" failures="0" timestamp="21 Apr 2022 06:04:19 GMT" time="0.047" errors="0">
  <testcase name="d1" time="0.047" classname="suites_demo.InvocationCount"/>
</testsuite> <!-- suites_demo.InvocationCount -->
