<?xml version="1.0" encoding="UTF-8"?>
<!-- Generated by org.testng.reporters.JUnitReportReporter -->
<testsuite hostname="user-PC" name="testng_annotations.DataProviderSample" tests="4" failures="0" timestamp="17 Apr 2022 06:26:42 GMT" time="0.119" errors="0">
  <testcase name="testLoginWithValidCredentials" time="0.016" classname="testng_annotations.DataProviderSample"/>
  <testcase name="testLoginWithValidCredentials" time="0.010" classname="testng_annotations.DataProviderSample"/>
  <testcase name="testLoginWithValidCredentials" time="0.077" classname="testng_annotations.DataProviderSample"/>
  <testcase name="testLoginWithValidCredentials" time="0.016" classname="testng_annotations.DataProviderSample"/>
</testsuite> <!-- testng_annotations.DataProviderSample -->
