<?xml version="1.0" encoding="UTF-8"?>
<!-- Generated by org.testng.reporters.JUnitReportReporter -->
<testsuite hostname="user-PC" name="testng_annotations.DataProviderDemo" tests="3" failures="0" timestamp="17 Apr 2022 06:18:10 GMT" time="0.101" errors="0">
  <testcase name="testLoginWithValidCredentials" time="0.024" classname="testng_annotations.DataProviderDemo"/>
  <testcase name="testLoginWithInValidPassword" time="0.071" classname="testng_annotations.DataProviderDemo"/>
  <testcase name="testLoginWithInValidUser" time="0.006" classname="testng_annotations.DataProviderDemo"/>
</testsuite> <!-- testng_annotations.DataProviderDemo -->
