<?xml version="1.0" encoding="UTF-8"?>
<!-- Generated by org.testng.reporters.JUnitReportReporter -->
<testsuite hostname="user-PC" name="suites_demo.Priority" tests="1" failures="0" timestamp="21 Apr 2022 06:04:19 GMT" time="0.009" errors="0">
  <testcase name="d1" time="0.009" classname="suites_demo.Priority"/>
</testsuite> <!-- suites_demo.Priority -->
