<?xml version="1.0" encoding="UTF-8"?>
<!-- Generated by org.testng.reporters.JUnitReportReporter -->
<testsuite hostname="user-PC" name="auto_it.FileUploadType2" tests="1" failures="0" timestamp="10 May 2022 05:53:42 GMT" time="33.659" errors="0">
  <testcase name="demo" time="33.659" classname="auto_it.FileUploadType2"/>
</testsuite> <!-- auto_it.FileUploadType2 -->
