<?xml version="1.0" encoding="UTF-8"?>
<!-- Generated by org.testng.reporters.JUnitReportReporter -->
<testsuite hostname="user-PC" name="auto_it.FileUploadType1" tests="1" failures="0" timestamp="10 May 2022 05:30:00 GMT" time="23.082" errors="0">
  <testcase name="fileUploadDemo" time="23.082" classname="auto_it.FileUploadType1"/>
</testsuite> <!-- auto_it.FileUploadType1 -->
