<?xml version="1.0" encoding="UTF-8"?>
<!-- Generated by org.testng.reporters.JUnitReportReporter -->
<testsuite hostname="user-PC" name="handling_elements.FB_DataProvider" tests="4" failures="0" timestamp="17 Apr 2022 06:40:34 GMT" time="79.591" errors="0">
  <testcase name="fbLoginTest" time="18.435" classname="handling_elements.FB_DataProvider"/>
  <testcase name="fbLoginTest" time="18.973" classname="handling_elements.FB_DataProvider"/>
  <testcase name="fbLoginTest" time="22.034" classname="handling_elements.FB_DataProvider"/>
  <testcase name="fbLoginTest" time="20.149" classname="handling_elements.FB_DataProvider"/>
</testsuite> <!-- handling_elements.FB_DataProvider -->
