<?xml version="1.0" encoding="UTF-8"?>
<!-- Generated by org.testng.reporters.JUnitReportReporter -->
<testsuite hostname="user-PC" name="testng_annotations.AnnotationsDemo" tests="1" failures="0" timestamp="17 Apr 2022 05:34:58 GMT" time="0.065" errors="0">
  <testcase name="b1" time="0.065" classname="testng_annotations.AnnotationsDemo"/>
</testsuite> <!-- testng_annotations.AnnotationsDemo -->
