<?xml version="1.0" encoding="UTF-8"?>
<!-- Generated by org.testng.reporters.JUnitReportReporter -->
<testsuite hostname="user-PC" name="testng_annotations.HandlingExceptions" tests="4" failures="0" timestamp="17 Apr 2022 06:09:36 GMT" time="0.098" errors="0">
  <testcase name="b1" time="0.006" classname="testng_annotations.HandlingExceptions"/>
  <testcase name="c1" time="0.008" classname="testng_annotations.HandlingExceptions"/>
  <testcase name="a1" time="0.076" classname="testng_annotations.HandlingExceptions"/>
  <testcase name="d1" time="0.008" classname="testng_annotations.HandlingExceptions"/>
</testsuite> <!-- testng_annotations.HandlingExceptions -->
