<?xml version="1.0" encoding="UTF-8"?>
<!-- Generated by org.testng.reporters.JUnitReportReporter -->
<testsuite hostname="user-PC" name="testng_annotations.SkippingTestCase" tests="3" failures="0" timestamp="17 Apr 2022 05:48:49 GMT" time="0.127" errors="0">
  <testcase name="d1" time="0.008" classname="testng_annotations.SkippingTestCase"/>
  <testcase name="a1" time="0.111" classname="testng_annotations.SkippingTestCase"/>
  <testcase name="c1" time="0.008" classname="testng_annotations.SkippingTestCase"/>
</testsuite> <!-- testng_annotations.SkippingTestCase -->
