<?xml version="1.0" encoding="UTF-8"?>
<!-- Generated by org.testng.reporters.JUnitReportReporter -->
<testsuite hostname="user-PC" name="suites_demo.Grouping" tests="1" failures="0" timestamp="21 Apr 2022 06:04:19 GMT" time="0.008" errors="0">
  <testcase name="d1" time="0.008" classname="suites_demo.Grouping"/>
</testsuite> <!-- suites_demo.Grouping -->
