<?xml version="1.0" encoding="UTF-8"?>
<!-- Generated by org.testng.reporters.JUnitReportReporter -->
<testsuite hostname="user-PC" name="parallel_execution.ForgottenPassword" tests="1" failures="0" timestamp="6 May 2022 05:57:33 GMT" time="20.861" errors="0">
  <testcase name="testForgottenPasswordLink" time="20.861" classname="parallel_execution.ForgottenPassword"/>
</testsuite> <!-- parallel_execution.ForgottenPassword -->
