<?xml version="1.0" encoding="UTF-8"?>
<!-- Generated by org.testng.reporters.JUnitReportReporter -->
<testsuite hostname="user-PC" name="jxl_operations.JXL_Write" tests="1" failures="0" timestamp="25 Apr 2022 05:21:27 GMT" time="0.751" errors="0">
  <testcase name="testWriteData" time="0.751" classname="jxl_operations.JXL_Write"/>
</testsuite> <!-- jxl_operations.JXL_Write -->
